生成启动时间为 2013/10/17 9:18:37。
     1>项目“E:\Cloud\Server-Side\Server\Server\Server.vcxproj”在节点 2 上(build 个目标)。
     1>InitializeBuildStatus:
         正在对“Release\Server.unsuccessfulbuild”执行 Touch 任务。
       ClCompile:
         所有输出均为最新。
       Link:
         D:\Microsoft Visual Studio 10.0\VC\bin\link.exe /ERRORREPORT:PROMPT /OUT:"E:\Cloud\Server-Side\Server\Release\Server.exe" /NOLOGO avcodec.lib avutil.lib swscale.lib swresample.lib Ws2_32.lib kernel32.lib user32.lib gdi32.lib winspool.lib comdlg32.lib advapi32.lib shell32.lib ole32.lib oleaut32.lib uuid.lib odbc32.lib odbccp32.lib /MANIFEST /ManifestFile:"Release\Server.exe.intermediate.manifest" /MANIFESTUAC:"level='asInvoker' uiAccess='false'" /DEBUG /PDB:"E:\Cloud\Server-Side\Server\Release\Server.pdb" /OPT:REF /OPT:ICF /LTCG /TLBID:1 /DYNAMICBASE /NXCOMPAT /IMPLIB:"E:\Cloud\Server-Side\Server\Release\Server.lib" /MACHINE:X86 Release\getopt.obj
         Release\IController.obj
         Release\IDataTunnel.obj
         Release\ISoundComponent.obj
         Release\IVideoComponent.obj
         Release\main.obj
         Release\stdafx.obj
         正在生成代码
         已完成代码的生成
         Server.vcxproj -> E:\Cloud\Server-Side\Server\Release\Server.exe
       Manifest:
         C:\Program Files (x86)\Microsoft SDKs\Windows\v7.0A\bin\mt.exe /nologo /verbose /outputresource:"E:\Cloud\Server-Side\Server\Release\Server.exe;#1" /manifest Release\Server.exe.intermediate.manifest
       FinalizeBuildStatus:
         正在删除文件“Release\Server.unsuccessfulbuild”。
         正在对“Release\Server.lastbuildstate”执行 Touch 任务。
     1>已完成生成项目“E:\Cloud\Server-Side\Server\Server\Server.vcxproj”(build 个目标)的操作。

生成成功。

已用时间 00:00:00.54
