生成启动时间为 2013/10/17 8:21:36。
     1>项目“E:\Cloud\Client-Side\Client\Client\Client.vcxproj”在节点 2 上(build 个目标)。
     1>InitializeBuildStatus:
         正在对“Debug\Client.unsuccessfulbuild”执行 Touch 任务。
       ClCompile:
         D:\Microsoft Visual Studio 10.0\VC\bin\CL.exe /c /ZI /nologo /W3 /WX- /Od /Oy- /D _MBCS /Gm /EHsc /RTC1 /MDd /GS /fp:precise /Zc:wchar_t /Zc:forScope /Fo"Debug\\" /Fd"Debug\vc100.pdb" /Gd /TP /analyze- /errorReport:prompt AudioStreamDecoder.cpp Controller.cpp DataTunnel.cpp GameComponent.cpp VideoStreamDecoder.cpp
         VideoStreamDecoder.cpp
     1>e:\cloud\client-side\client\client\videostreamdecoder.h(15): fatal error C1083: 无法打开包括文件:“libavutil/opt.h”: No such file or directory
         GameComponent.cpp
     1>e:\cloud\client-side\client\client\videostreamdecoder.h(15): fatal error C1083: 无法打开包括文件:“libavutil/opt.h”: No such file or directory
         DataTunnel.cpp
     1>e:\cloud\client-side\client\client\datatunnel.cpp(82): error C2664: “CreateMutexA”: 不能将参数 3 从“const wchar_t [6]”转换为“LPCSTR”
                 与指向的类型无关；转换要求 reinterpret_cast、C 样式转换或函数样式转换
     1>e:\cloud\client-side\client\client\datatunnel.cpp(83): error C2664: “CreateMutexA”: 不能将参数 3 从“const wchar_t [7]”转换为“LPCSTR”
                 与指向的类型无关；转换要求 reinterpret_cast、C 样式转换或函数样式转换
     1>e:\cloud\client-side\client\client\datatunnel.cpp(84): error C2664: “CreateMutexA”: 不能将参数 3 从“const wchar_t [7]”转换为“LPCSTR”
                 与指向的类型无关；转换要求 reinterpret_cast、C 样式转换或函数样式转换
     1>e:\cloud\client-side\client\client\datatunnel.cpp(290): warning C4800: “int”: 将值强制为布尔值“true”或“false”(性能警告)
         Controller.cpp
     1>e:\cloud\client-side\client\client\controller.h(2): fatal error C1083: 无法打开包括文件:“SDL.h”: No such file or directory
         AudioStreamDecoder.cpp
     1>e:\cloud\client-side\client\client\audiostreamdecoder.h(14): fatal error C1083: 无法打开包括文件:“libavutil/opt.h”: No such file or directory
         正在生成代码...
     1>已完成生成项目“E:\Cloud\Client-Side\Client\Client\Client.vcxproj”(build 个目标)的操作 - 失败。

生成失败。

已用时间 00:00:00.97
